\BOOKMARK [0][-]{chapter.1}{Introdu\347\343o}{}% 1
\BOOKMARK [1][-]{section.1.1}{Enunciado}{chapter.1}% 2
\BOOKMARK [1][-]{section.1.2}{Objetivos}{chapter.1}% 3
\BOOKMARK [1][-]{section.1.3}{Contextualiza\347\343o}{chapter.1}% 4
\BOOKMARK [0][-]{chapter.2}{Implementa\347\343o}{}% 5
\BOOKMARK [1][-]{section.2.1}{Decis\365es}{chapter.2}% 6
\BOOKMARK [1][-]{section.2.2}{Estruturas de dados e fun\347\365es chave}{chapter.2}% 7
\BOOKMARK [2][-]{subsection.2.2.1}{Listas Gen\351ricas}{section.2.2}% 8
\BOOKMARK [2][-]{subsection.2.2.2}{Concept}{section.2.2}% 9
\BOOKMARK [2][-]{subsection.2.2.3}{Global}{section.2.2}% 10
\BOOKMARK [1][-]{section.2.3}{FLEX}{chapter.2}% 11
\BOOKMARK [2][-]{subsection.2.3.1}{Declara\347\343o de vari\341veis globais}{section.2.3}% 12
\BOOKMARK [2][-]{subsection.2.3.2}{Contextos utilizados para processamento do texto}{section.2.3}% 13
\BOOKMARK [2][-]{subsection.2.3.3}{Processamento dos nodos}{section.2.3}% 14
\BOOKMARK [0][-]{chapter.3}{Casos de estudo}{}% 15
\BOOKMARK [1][-]{section.3.1}{Ficheiro SKOS a processar}{chapter.3}% 16
\BOOKMARK [1][-]{section.3.2}{Processamento do ficheiro}{chapter.3}% 17
\BOOKMARK [1][-]{section.3.3}{Resultado do processamento}{chapter.3}% 18
\BOOKMARK [2][-]{subsection.3.3.1}{index.html}{section.3.3}% 19
\BOOKMARK [2][-]{subsection.3.3.2}{concepts/10010679.html}{section.3.3}% 20
\BOOKMARK [0][-]{chapter.4}{Conclus\365es}{}% 21
\BOOKMARK [0][-]{chapter.5}{Trabalho Futuro}{}% 22
